<?xml version="1.0" encoding="UTF-8"?>
<testng-results skipped="0" failed="0" total="1" passed="1">
  <reporter-output>
  </reporter-output>
  <suite name="Default suite" duration-ms="194" started-at="2018-07-02T09:17:23Z" finished-at="2018-07-02T09:17:23Z">
    <groups>
    </groups>
    <test name="Default test" duration-ms="194" started-at="2018-07-02T09:17:23Z" finished-at="2018-07-02T09:17:23Z">
      <class name="com.test.api.OneApi">
        <test-method status="PASS" signature="testapi()[pri:0, instance:com.test.api.OneApi@6108b2d7]" name="testapi" duration-ms="184" started-at="2018-07-02T17:17:23Z" finished-at="2018-07-02T17:17:23Z">
          <reporter-output>
          </reporter-output>
        </test-method> <!-- testapi -->
      </class> <!-- com.test.api.OneApi -->
    </test> <!-- Default test -->
  </suite> <!-- Default suite -->
</testng-results>
