<?xml version="1.0" encoding="UTF-8"?>
<testng-results skipped="0" failed="0" total="1" passed="1">
  <reporter-output>
  </reporter-output>
  <suite name="Default suite" duration-ms="191" started-at="2018-07-03T10:24:18Z" finished-at="2018-07-03T10:24:19Z">
    <groups>
    </groups>
    <test name="Default test" duration-ms="191" started-at="2018-07-03T10:24:18Z" finished-at="2018-07-03T10:24:19Z">
      <class name="com.test.api.OneApi">
        <test-method status="PASS" signature="testapi()[pri:0, instance:com.test.api.OneApi@4157f54e]" name="testapi" duration-ms="181" started-at="2018-07-03T18:24:18Z" finished-at="2018-07-03T18:24:19Z">
          <reporter-output>
          </reporter-output>
        </test-method> <!-- testapi -->
      </class> <!-- com.test.api.OneApi -->
    </test> <!-- Default test -->
  </suite> <!-- Default suite -->
</testng-results>
